h:\visual studio 2015\projects\pgg_flyingteapot\pgg_flyingteapot\debug\vc140.pdb
\\bournemouth.ac.uk\data\staff\home\lmcloughlin\visual studio 2015\projects\pgg_17_flyingteapot\pgg_flyingteapot\debug\vc140.pdb
\\bournemouth.ac.uk\data\staff\home\lmcloughlin\visual studio 2015\projects\pgg_17_flyingteapot\pgg_flyingteapot\debug\vc140.idb
\\bournemouth.ac.uk\data\staff\home\lmcloughlin\visual studio 2015\projects\pgg_17_flyingteapot\pgg_flyingteapot\debug\gameobject.obj
\\bournemouth.ac.uk\data\staff\home\lmcloughlin\visual studio 2015\projects\pgg_17_flyingteapot\pgg_flyingteapot\debug\main.obj
\\bournemouth.ac.uk\data\staff\home\lmcloughlin\visual studio 2015\projects\pgg_17_flyingteapot\pgg_flyingteapot\debug\material.obj
\\bournemouth.ac.uk\data\staff\home\lmcloughlin\visual studio 2015\projects\pgg_17_flyingteapot\pgg_flyingteapot\debug\mesh.obj
\\bournemouth.ac.uk\data\staff\home\lmcloughlin\visual studio 2015\projects\pgg_17_flyingteapot\pgg_flyingteapot\debug\player.obj
\\bournemouth.ac.uk\data\staff\home\lmcloughlin\visual studio 2015\projects\pgg_17_flyingteapot\pgg_flyingteapot\debug\scene.obj
\\bournemouth.ac.uk\data\staff\home\lmcloughlin\visual studio 2015\projects\pgg_17_flyingteapot\pgg_flyingteapot\debug\glew.obj
h:\visual studio 2015\projects\pgg_flyingteapot\debug\pgg_flyingteapot.ilk
h:\visual studio 2015\projects\pgg_flyingteapot\debug\pgg_flyingteapot.exe
h:\visual studio 2015\projects\pgg_flyingteapot\debug\pgg_flyingteapot.pdb
\\bournemouth.ac.uk\data\staff\home\lmcloughlin\visual studio 2015\projects\pgg_17_flyingteapot\debug\pgg_flyingteapot.ilk
\\bournemouth.ac.uk\data\staff\home\lmcloughlin\visual studio 2015\projects\pgg_17_flyingteapot\debug\pgg_flyingteapot.exe
\\bournemouth.ac.uk\data\staff\home\lmcloughlin\visual studio 2015\projects\pgg_17_flyingteapot\debug\pgg_flyingteapot.pdb
\\bournemouth.ac.uk\data\staff\home\lmcloughlin\visual studio 2015\projects\pgg_17_flyingteapot\pgg_flyingteapot\debug\pgg_flyingteapot.tlog\link.read.1.tlog
\\bournemouth.ac.uk\data\staff\home\lmcloughlin\visual studio 2015\projects\pgg_17_flyingteapot\pgg_flyingteapot\debug\pgg_flyingteapot.tlog\cl.read.1.tlog
\\bournemouth.ac.uk\data\staff\home\lmcloughlin\visual studio 2015\projects\pgg_17_flyingteapot\pgg_flyingteapot\debug\pgg_flyingteapot.tlog\cl.write.1.tlog
\\bournemouth.ac.uk\data\staff\home\lmcloughlin\visual studio 2015\projects\pgg_17_flyingteapot\pgg_flyingteapot\debug\pgg_flyingteapot.tlog\cl.command.1.tlog
\\bournemouth.ac.uk\data\staff\home\lmcloughlin\visual studio 2015\projects\pgg_17_flyingteapot\pgg_flyingteapot\debug\pgg_flyingteapot.tlog\link.command.1.tlog
\\bournemouth.ac.uk\data\staff\home\lmcloughlin\visual studio 2015\projects\pgg_17_flyingteapot\pgg_flyingteapot\debug\pgg_flyingteapot.tlog\link.write.1.tlog
